<?xml version="1.0" encoding="UTF-8"?>
<coverage generated="1761827120">
  <project timestamp="1761827120" name="Clover Coverage">
    <package name="Honed\Data\Attributes">
      <file name="/home/runner/work/data/data/src/Attributes/ArrayParameter.php">
        <class name="Honed\Data\Attributes\ArrayParameter" namespace="Honed\Data\Attributes">
          <metrics complexity="5" methods="2" coveredmethods="2" conditionals="0" coveredconditionals="0" statements="8" coveredstatements="8" elements="10" coveredelements="10"/>
        </class>
        <line num="15" type="method" name="__construct" visibility="public" complexity="1" crap="1" count="4"/>
        <line num="17" type="stmt" count="4"/>
        <line num="25" type="method" name="overwrite" visibility="public" complexity="4" crap="4" count="9"/>
        <line num="32" type="stmt" count="9"/>
        <line num="33" type="stmt" count="9"/>
        <line num="35" type="stmt" count="9"/>
        <line num="36" type="stmt" count="1"/>
        <line num="39" type="stmt" count="8"/>
        <line num="40" type="stmt" count="5"/>
        <line num="41" type="stmt" count="8"/>
        <metrics loc="44" ncloc="38" classes="1" methods="2" coveredmethods="2" conditionals="0" coveredconditionals="0" statements="8" coveredstatements="8" elements="10" coveredelements="10"/>
      </file>
      <file name="/home/runner/work/data/data/src/Attributes/Delimit.php">
        <class name="Honed\Data\Attributes\Delimit" namespace="Honed\Data\Attributes">
          <metrics complexity="4" methods="2" coveredmethods="2" conditionals="0" coveredconditionals="0" statements="8" coveredstatements="8" elements="10" coveredelements="10"/>
        </class>
        <line num="18" type="method" name="__construct" visibility="public" complexity="1" crap="1" count="1"/>
        <line num="20" type="stmt" count="1"/>
        <line num="28" type="method" name="overwrite" visibility="public" complexity="3" crap="3" count="5"/>
        <line num="35" type="stmt" count="5"/>
        <line num="37" type="stmt" count="5"/>
        <line num="38" type="stmt" count="1"/>
        <line num="41" type="stmt" count="4"/>
        <line num="42" type="stmt" count="4"/>
        <line num="43" type="stmt" count="4"/>
        <line num="44" type="stmt" count="4"/>
        <metrics loc="47" ncloc="38" classes="1" methods="2" coveredmethods="2" conditionals="0" coveredconditionals="0" statements="8" coveredstatements="8" elements="10" coveredelements="10"/>
      </file>
      <file name="/home/runner/work/data/data/src/Attributes/FromCache.php">
        <class name="Honed\Data\Attributes\FromCache" namespace="Honed\Data\Attributes">
          <metrics complexity="4" methods="3" coveredmethods="3" conditionals="0" coveredconditionals="0" statements="5" coveredstatements="5" elements="8" coveredelements="8"/>
        </class>
        <line num="18" type="method" name="__construct" visibility="public" complexity="1" crap="1" count="2"/>
        <line num="23" type="stmt" count="2"/>
        <line num="32" type="method" name="resolve" visibility="public" complexity="2" crap="2" count="7"/>
        <line num="39" type="stmt" count="7"/>
        <line num="40" type="stmt" count="1"/>
        <line num="43" type="stmt" count="6"/>
        <line num="49" type="method" name="shouldBeReplacedWhenPresentInPayload" visibility="public" complexity="1" crap="1" count="7"/>
        <line num="51" type="stmt" count="7"/>
        <metrics loc="54" ncloc="45" classes="1" methods="3" coveredmethods="3" conditionals="0" coveredconditionals="0" statements="5" coveredstatements="5" elements="8" coveredelements="8"/>
      </file>
      <file name="/home/runner/work/data/data/src/Attributes/FromFirstRouteParameter.php">
        <class name="Honed\Data\Attributes\FromFirstRouteParameter" namespace="Honed\Data\Attributes">
          <metrics complexity="6" methods="3" coveredmethods="3" conditionals="0" coveredconditionals="0" statements="11" coveredstatements="11" elements="14" coveredelements="14"/>
        </class>
        <line num="18" type="method" name="__construct" visibility="public" complexity="1" crap="1" count="1"/>
        <line num="21" type="stmt" count="1"/>
        <line num="29" type="method" name="resolve" visibility="public" complexity="4" crap="4" count="5"/>
        <line num="36" type="stmt" count="5"/>
        <line num="37" type="stmt" count="1"/>
        <line num="40" type="stmt" count="4"/>
        <line num="41" type="stmt" count="4"/>
        <line num="42" type="stmt" count="4"/>
        <line num="43" type="stmt" count="4"/>
        <line num="45" type="stmt" count="4"/>
        <line num="46" type="stmt" count="1"/>
        <line num="49" type="stmt" count="3"/>
        <line num="55" type="method" name="shouldBeReplacedWhenPresentInPayload" visibility="public" complexity="1" crap="1" count="5"/>
        <line num="57" type="stmt" count="5"/>
        <metrics loc="60" ncloc="51" classes="1" methods="3" coveredmethods="3" conditionals="0" coveredconditionals="0" statements="11" coveredstatements="11" elements="14" coveredelements="14"/>
      </file>
      <file name="/home/runner/work/data/data/src/Attributes/FromRequestHeader.php">
        <class name="Honed\Data\Attributes\FromRequestHeader" namespace="Honed\Data\Attributes">
          <metrics complexity="4" methods="3" coveredmethods="3" conditionals="0" coveredconditionals="0" statements="5" coveredstatements="5" elements="8" coveredelements="8"/>
        </class>
        <line num="17" type="method" name="__construct" visibility="public" complexity="1" crap="1" count="1"/>
        <line num="20" type="stmt" count="1"/>
        <line num="28" type="method" name="resolve" visibility="public" complexity="2" crap="2" count="2"/>
        <line num="35" type="stmt" count="2"/>
        <line num="36" type="stmt" count="1"/>
        <line num="39" type="stmt" count="1"/>
        <line num="45" type="method" name="shouldBeReplacedWhenPresentInPayload" visibility="public" complexity="1" crap="1" count="2"/>
        <line num="47" type="stmt" count="2"/>
        <metrics loc="50" ncloc="41" classes="1" methods="3" coveredmethods="3" conditionals="0" coveredconditionals="0" statements="5" coveredstatements="5" elements="8" coveredelements="8"/>
      </file>
      <file name="/home/runner/work/data/data/src/Attributes/FromRequestIp.php">
        <class name="Honed\Data\Attributes\FromRequestIp" namespace="Honed\Data\Attributes">
          <metrics complexity="4" methods="3" coveredmethods="3" conditionals="0" coveredconditionals="0" statements="5" coveredstatements="5" elements="8" coveredelements="8"/>
        </class>
        <line num="17" type="method" name="__construct" visibility="public" complexity="1" crap="1" count="1"/>
        <line num="19" type="stmt" count="1"/>
        <line num="28" type="method" name="resolve" visibility="public" complexity="2" crap="2" count="2"/>
        <line num="35" type="stmt" count="2"/>
        <line num="36" type="stmt" count="1"/>
        <line num="39" type="stmt" count="1"/>
        <line num="45" type="method" name="shouldBeReplacedWhenPresentInPayload" visibility="public" complexity="1" crap="1" count="2"/>
        <line num="47" type="stmt" count="2"/>
        <metrics loc="50" ncloc="40" classes="1" methods="3" coveredmethods="3" conditionals="0" coveredconditionals="0" statements="5" coveredstatements="5" elements="8" coveredelements="8"/>
      </file>
      <file name="/home/runner/work/data/data/src/Attributes/FromRequestUserAgent.php">
        <class name="Honed\Data\Attributes\FromRequestUserAgent" namespace="Honed\Data\Attributes">
          <metrics complexity="4" methods="3" coveredmethods="3" conditionals="0" coveredconditionals="0" statements="5" coveredstatements="5" elements="8" coveredelements="8"/>
        </class>
        <line num="17" type="method" name="__construct" visibility="public" complexity="1" crap="1" count="1"/>
        <line num="19" type="stmt" count="1"/>
        <line num="28" type="method" name="resolve" visibility="public" complexity="2" crap="2" count="2"/>
        <line num="35" type="stmt" count="2"/>
        <line num="36" type="stmt" count="1"/>
        <line num="39" type="stmt" count="1"/>
        <line num="45" type="method" name="shouldBeReplacedWhenPresentInPayload" visibility="public" complexity="1" crap="1" count="2"/>
        <line num="47" type="stmt" count="2"/>
        <metrics loc="50" ncloc="40" classes="1" methods="3" coveredmethods="3" conditionals="0" coveredconditionals="0" statements="5" coveredstatements="5" elements="8" coveredelements="8"/>
      </file>
      <file name="/home/runner/work/data/data/src/Attributes/FromSession.php">
        <class name="Honed\Data\Attributes\FromSession" namespace="Honed\Data\Attributes">
          <metrics complexity="4" methods="3" coveredmethods="3" conditionals="0" coveredconditionals="0" statements="5" coveredstatements="5" elements="8" coveredelements="8"/>
        </class>
        <line num="18" type="method" name="__construct" visibility="public" complexity="1" crap="1" count="1"/>
        <line num="23" type="stmt" count="1"/>
        <line num="32" type="method" name="resolve" visibility="public" complexity="2" crap="2" count="4"/>
        <line num="38" type="stmt" count="4"/>
        <line num="39" type="stmt" count="1"/>
        <line num="42" type="stmt" count="3"/>
        <line num="48" type="method" name="shouldBeReplacedWhenPresentInPayload" visibility="public" complexity="1" crap="1" count="4"/>
        <line num="50" type="stmt" count="4"/>
        <metrics loc="53" ncloc="44" classes="1" methods="3" coveredmethods="3" conditionals="0" coveredconditionals="0" statements="5" coveredstatements="5" elements="8" coveredelements="8"/>
      </file>
      <file name="/home/runner/work/data/data/src/Attributes/OnlyFilename.php">
        <class name="Honed\Data\Attributes\OnlyFilename" namespace="Honed\Data\Attributes">
          <metrics complexity="3" methods="1" coveredmethods="1" conditionals="0" coveredconditionals="0" statements="4" coveredstatements="4" elements="5" coveredelements="5"/>
        </class>
        <line num="21" type="method" name="overwrite" visibility="public" complexity="3" crap="3" count="7"/>
        <line num="28" type="stmt" count="7"/>
        <line num="30" type="stmt" count="7"/>
        <line num="31" type="stmt" count="2"/>
        <line num="34" type="stmt" count="5"/>
        <metrics loc="37" ncloc="31" classes="1" methods="1" coveredmethods="1" conditionals="0" coveredconditionals="0" statements="4" coveredstatements="4" elements="5" coveredelements="5"/>
      </file>
      <file name="/home/runner/work/data/data/src/Attributes/Segment.php">
        <class name="Honed\Data\Attributes\Segment" namespace="Honed\Data\Attributes">
          <metrics complexity="3" methods="2" coveredmethods="2" conditionals="0" coveredconditionals="0" statements="5" coveredstatements="5" elements="7" coveredelements="7"/>
        </class>
        <line num="18" type="method" name="__construct" visibility="public" complexity="1" crap="1" count="1"/>
        <line num="20" type="stmt" count="1"/>
        <line num="28" type="method" name="overwrite" visibility="public" complexity="2" crap="2" count="5"/>
        <line num="35" type="stmt" count="5"/>
        <line num="37" type="stmt" count="5"/>
        <line num="38" type="stmt" count="2"/>
        <line num="41" type="stmt" count="3"/>
        <metrics loc="44" ncloc="35" classes="1" methods="2" coveredmethods="2" conditionals="0" coveredconditionals="0" statements="5" coveredstatements="5" elements="7" coveredelements="7"/>
      </file>
    </package>
    <package name="Honed\Data\Attributes\Contextual">
      <file name="/home/runner/work/data/data/src/Attributes/Contextual/CacheParameter.php">
        <class name="Honed\Data\Attributes\Contextual\CacheParameter" namespace="Honed\Data\Attributes\Contextual">
          <metrics complexity="2" methods="2" coveredmethods="2" conditionals="0" coveredconditionals="0" statements="2" coveredstatements="2" elements="4" coveredelements="4"/>
        </class>
        <line num="15" type="method" name="__construct" visibility="public" complexity="1" crap="1" count="6"/>
        <line num="19" type="stmt" count="6"/>
        <line num="25" type="method" name="resolve" visibility="public" complexity="1" crap="1" count="6"/>
        <line num="27" type="stmt" count="6"/>
        <metrics loc="30" ncloc="27" classes="1" methods="2" coveredmethods="2" conditionals="0" coveredconditionals="0" statements="2" coveredstatements="2" elements="4" coveredelements="4"/>
      </file>
      <file name="/home/runner/work/data/data/src/Attributes/Contextual/FirstRouteParameter.php">
        <class name="Honed\Data\Attributes\Contextual\FirstRouteParameter" namespace="Honed\Data\Attributes\Contextual">
          <metrics complexity="5" methods="2" coveredmethods="2" conditionals="0" coveredconditionals="0" statements="6" coveredstatements="6" elements="8" coveredelements="8"/>
        </class>
        <line num="17" type="method" name="__construct" visibility="public" complexity="1" crap="1" count="5"/>
        <line num="19" type="stmt" count="5"/>
        <line num="26" type="method" name="resolve" visibility="public" complexity="4" crap="4" count="5"/>
        <line num="28" type="stmt" count="5"/>
        <line num="29" type="stmt" count="5"/>
        <line num="30" type="stmt" count="3"/>
        <line num="33" type="stmt" count="4"/>
        <line num="36" type="stmt" count="1"/>
        <metrics loc="39" ncloc="31" classes="1" methods="2" coveredmethods="2" conditionals="0" coveredconditionals="0" statements="6" coveredstatements="6" elements="8" coveredelements="8"/>
      </file>
      <file name="/home/runner/work/data/data/src/Attributes/Contextual/SessionParameter.php">
        <class name="Honed\Data\Attributes\Contextual\SessionParameter" namespace="Honed\Data\Attributes\Contextual">
          <metrics complexity="2" methods="2" coveredmethods="2" conditionals="0" coveredconditionals="0" statements="2" coveredstatements="2" elements="4" coveredelements="4"/>
        </class>
        <line num="15" type="method" name="__construct" visibility="public" complexity="1" crap="1" count="3"/>
        <line num="19" type="stmt" count="3"/>
        <line num="25" type="method" name="resolve" visibility="public" complexity="1" crap="1" count="3"/>
        <line num="27" type="stmt" count="3"/>
        <metrics loc="30" ncloc="27" classes="1" methods="2" coveredmethods="2" conditionals="0" coveredconditionals="0" statements="2" coveredstatements="2" elements="4" coveredelements="4"/>
      </file>
    </package>
    <package name="Honed\Data\Attributes\Transformers">
      <file name="/home/runner/work/data/data/src/Attributes/Transformers/TransformToData.php">
        <class name="Honed\Data\Attributes\Transformers\TransformToData" namespace="Honed\Data\Attributes\Transformers">
          <metrics complexity="2" methods="1" coveredmethods="0" conditionals="0" coveredconditionals="0" statements="3" coveredstatements="2" elements="4" coveredelements="2"/>
        </class>
        <line num="24" type="method" name="__construct" visibility="public" complexity="2" crap="2.15" count="3"/>
        <line num="31" type="stmt" count="3"/>
        <line num="32" type="stmt" count="0"/>
        <line num="34" type="stmt" count="3"/>
        <metrics loc="38" ncloc="29" classes="1" methods="1" coveredmethods="0" conditionals="0" coveredconditionals="0" statements="3" coveredstatements="2" elements="4" coveredelements="2"/>
      </file>
    </package>
    <package name="Honed\Data\Attributes\Validation">
      <file name="/home/runner/work/data/data/src/Attributes/Validation/AnyOf.php">
        <class name="Honed\Data\Attributes\Validation\AnyOf" namespace="Honed\Data\Attributes\Validation">
          <metrics complexity="3" methods="2" coveredmethods="2" conditionals="0" coveredconditionals="0" statements="3" coveredstatements="3" elements="5" coveredelements="5"/>
        </class>
        <line num="28" type="method" name="__construct" visibility="public" complexity="2" crap="2" count="3"/>
        <line num="31" type="stmt" count="3"/>
        <line num="33" type="stmt" count="3"/>
        <line num="41" type="method" name="getRules" visibility="public" complexity="1" crap="1" count="3"/>
        <line num="43" type="stmt" count="3"/>
        <metrics loc="46" ncloc="30" classes="1" methods="2" coveredmethods="2" conditionals="0" coveredconditionals="0" statements="3" coveredstatements="3" elements="5" coveredelements="5"/>
      </file>
      <file name="/home/runner/work/data/data/src/Attributes/Validation/Authorized.php">
        <class name="Honed\Data\Attributes\Validation\Authorized" namespace="Honed\Data\Attributes\Validation">
          <metrics complexity="2" methods="2" coveredmethods="2" conditionals="0" coveredconditionals="0" statements="7" coveredstatements="7" elements="9" coveredelements="9"/>
        </class>
        <line num="18" type="method" name="__construct" visibility="public" complexity="1" crap="1" count="3"/>
        <line num="23" type="stmt" count="3"/>
        <line num="30" type="method" name="getRules" visibility="public" complexity="1" crap="1" count="3"/>
        <line num="32" type="stmt" count="3"/>
        <line num="33" type="stmt" count="3"/>
        <line num="34" type="stmt" count="3"/>
        <line num="35" type="stmt" count="3"/>
        <line num="36" type="stmt" count="3"/>
        <line num="37" type="stmt" count="3"/>
        <metrics loc="40" ncloc="32" classes="1" methods="2" coveredmethods="2" conditionals="0" coveredconditionals="0" statements="7" coveredstatements="7" elements="9" coveredelements="9"/>
      </file>
      <file name="/home/runner/work/data/data/src/Attributes/Validation/BitcoinAddress.php">
        <class name="Honed\Data\Attributes\Validation\BitcoinAddress" namespace="Honed\Data\Attributes\Validation">
          <metrics complexity="1" methods="1" coveredmethods="1" conditionals="0" coveredconditionals="0" statements="1" coveredstatements="1" elements="2" coveredelements="2"/>
        </class>
        <line num="20" type="method" name="getRules" visibility="public" complexity="1" crap="1" count="3"/>
        <line num="22" type="stmt" count="3"/>
        <metrics loc="25" ncloc="20" classes="1" methods="1" coveredmethods="1" conditionals="0" coveredconditionals="0" statements="1" coveredstatements="1" elements="2" coveredelements="2"/>
      </file>
      <file name="/home/runner/work/data/data/src/Attributes/Validation/Camelcase.php">
        <class name="Honed\Data\Attributes\Validation\Camelcase" namespace="Honed\Data\Attributes\Validation">
          <metrics complexity="1" methods="1" coveredmethods="1" conditionals="0" coveredconditionals="0" statements="1" coveredstatements="1" elements="2" coveredelements="2"/>
        </class>
        <line num="20" type="method" name="getRules" visibility="public" complexity="1" crap="1" count="15"/>
        <line num="22" type="stmt" count="15"/>
        <metrics loc="25" ncloc="20" classes="1" methods="1" coveredmethods="1" conditionals="0" coveredconditionals="0" statements="1" coveredstatements="1" elements="2" coveredelements="2"/>
      </file>
      <file name="/home/runner/work/data/data/src/Attributes/Validation/Cidr.php">
        <class name="Honed\Data\Attributes\Validation\Cidr" namespace="Honed\Data\Attributes\Validation">
          <metrics complexity="1" methods="1" coveredmethods="1" conditionals="0" coveredconditionals="0" statements="1" coveredstatements="1" elements="2" coveredelements="2"/>
        </class>
        <line num="20" type="method" name="getRules" visibility="public" complexity="1" crap="1" count="11"/>
        <line num="22" type="stmt" count="11"/>
        <metrics loc="25" ncloc="20" classes="1" methods="1" coveredmethods="1" conditionals="0" coveredconditionals="0" statements="1" coveredstatements="1" elements="2" coveredelements="2"/>
      </file>
      <file name="/home/runner/work/data/data/src/Attributes/Validation/CleanHtml.php">
        <class name="Honed\Data\Attributes\Validation\CleanHtml" namespace="Honed\Data\Attributes\Validation">
          <metrics complexity="1" methods="1" coveredmethods="1" conditionals="0" coveredconditionals="0" statements="1" coveredstatements="1" elements="2" coveredelements="2"/>
        </class>
        <line num="20" type="method" name="getRules" visibility="public" complexity="1" crap="1" count="19"/>
        <line num="22" type="stmt" count="19"/>
        <metrics loc="25" ncloc="20" classes="1" methods="1" coveredmethods="1" conditionals="0" coveredconditionals="0" statements="1" coveredstatements="1" elements="2" coveredelements="2"/>
      </file>
      <file name="/home/runner/work/data/data/src/Attributes/Validation/Country.php">
        <class name="Honed\Data\Attributes\Validation\Country" namespace="Honed\Data\Attributes\Validation">
          <metrics complexity="1" methods="1" coveredmethods="1" conditionals="0" coveredconditionals="0" statements="1" coveredstatements="1" elements="2" coveredelements="2"/>
        </class>
        <line num="20" type="method" name="getRules" visibility="public" complexity="1" crap="1" count="7"/>
        <line num="22" type="stmt" count="7"/>
        <metrics loc="25" ncloc="20" classes="1" methods="1" coveredmethods="1" conditionals="0" coveredconditionals="0" statements="1" coveredstatements="1" elements="2" coveredelements="2"/>
      </file>
      <file name="/home/runner/work/data/data/src/Attributes/Validation/CountryCode.php">
        <class name="Honed\Data\Attributes\Validation\CountryCode" namespace="Honed\Data\Attributes\Validation">
          <metrics complexity="1" methods="1" coveredmethods="1" conditionals="0" coveredconditionals="0" statements="1" coveredstatements="1" elements="2" coveredelements="2"/>
        </class>
        <line num="20" type="method" name="getRules" visibility="public" complexity="1" crap="1" count="5"/>
        <line num="22" type="stmt" count="5"/>
        <metrics loc="25" ncloc="20" classes="1" methods="1" coveredmethods="1" conditionals="0" coveredconditionals="0" statements="1" coveredstatements="1" elements="2" coveredelements="2"/>
      </file>
      <file name="/home/runner/work/data/data/src/Attributes/Validation/Creditcard.php">
        <class name="Honed\Data\Attributes\Validation\Creditcard" namespace="Honed\Data\Attributes\Validation">
          <metrics complexity="1" methods="1" coveredmethods="1" conditionals="0" coveredconditionals="0" statements="1" coveredstatements="1" elements="2" coveredelements="2"/>
        </class>
        <line num="20" type="method" name="getRules" visibility="public" complexity="1" crap="1" count="6"/>
        <line num="22" type="stmt" count="6"/>
        <metrics loc="25" ncloc="20" classes="1" methods="1" coveredmethods="1" conditionals="0" coveredconditionals="0" statements="1" coveredstatements="1" elements="2" coveredelements="2"/>
      </file>
      <file name="/home/runner/work/data/data/src/Attributes/Validation/Currency.php">
        <class name="Honed\Data\Attributes\Validation\Currency" namespace="Honed\Data\Attributes\Validation">
          <metrics complexity="1" methods="1" coveredmethods="1" conditionals="0" coveredconditionals="0" statements="1" coveredstatements="1" elements="2" coveredelements="2"/>
        </class>
        <line num="20" type="method" name="getRules" visibility="public" complexity="1" crap="1" count="7"/>
        <line num="22" type="stmt" count="7"/>
        <metrics loc="25" ncloc="20" classes="1" methods="1" coveredmethods="1" conditionals="0" coveredconditionals="0" statements="1" coveredstatements="1" elements="2" coveredelements="2"/>
      </file>
      <file name="/home/runner/work/data/data/src/Attributes/Validation/DataUri.php">
        <class name="Honed\Data\Attributes\Validation\DataUri" namespace="Honed\Data\Attributes\Validation">
          <metrics complexity="1" methods="1" coveredmethods="1" conditionals="0" coveredconditionals="0" statements="1" coveredstatements="1" elements="2" coveredelements="2"/>
        </class>
        <line num="20" type="method" name="getRules" visibility="public" complexity="1" crap="1" count="23"/>
        <line num="22" type="stmt" count="23"/>
        <metrics loc="25" ncloc="20" classes="1" methods="1" coveredmethods="1" conditionals="0" coveredconditionals="0" statements="1" coveredstatements="1" elements="2" coveredelements="2"/>
      </file>
      <file name="/home/runner/work/data/data/src/Attributes/Validation/DisposableEmail.php">
        <class name="Honed\Data\Attributes\Validation\DisposableEmail" namespace="Honed\Data\Attributes\Validation">
          <metrics complexity="1" methods="1" coveredmethods="1" conditionals="0" coveredconditionals="0" statements="1" coveredstatements="1" elements="2" coveredelements="2"/>
        </class>
        <line num="20" type="method" name="getRules" visibility="public" complexity="1" crap="1" count="21"/>
        <line num="22" type="stmt" count="21"/>
        <metrics loc="25" ncloc="20" classes="1" methods="1" coveredmethods="1" conditionals="0" coveredconditionals="0" statements="1" coveredstatements="1" elements="2" coveredelements="2"/>
      </file>
      <file name="/home/runner/work/data/data/src/Attributes/Validation/DomainName.php">
        <class name="Honed\Data\Attributes\Validation\DomainName" namespace="Honed\Data\Attributes\Validation">
          <metrics complexity="1" methods="1" coveredmethods="1" conditionals="0" coveredconditionals="0" statements="1" coveredstatements="1" elements="2" coveredelements="2"/>
        </class>
        <line num="20" type="method" name="getRules" visibility="public" complexity="1" crap="1" count="51"/>
        <line num="22" type="stmt" count="51"/>
        <metrics loc="25" ncloc="20" classes="1" methods="1" coveredmethods="1" conditionals="0" coveredconditionals="0" statements="1" coveredstatements="1" elements="2" coveredelements="2"/>
      </file>
      <file name="/home/runner/work/data/data/src/Attributes/Validation/Even.php">
        <class name="Honed\Data\Attributes\Validation\Even" namespace="Honed\Data\Attributes\Validation">
          <metrics complexity="1" methods="1" coveredmethods="1" conditionals="0" coveredconditionals="0" statements="1" coveredstatements="1" elements="2" coveredelements="2"/>
        </class>
        <line num="20" type="method" name="getRules" visibility="public" complexity="1" crap="1" count="12"/>
        <line num="22" type="stmt" count="12"/>
        <metrics loc="25" ncloc="20" classes="1" methods="1" coveredmethods="1" conditionals="0" coveredconditionals="0" statements="1" coveredstatements="1" elements="2" coveredelements="2"/>
      </file>
      <file name="/home/runner/work/data/data/src/Attributes/Validation/Filename.php">
        <class name="Honed\Data\Attributes\Validation\Filename" namespace="Honed\Data\Attributes\Validation">
          <metrics complexity="2" methods="2" coveredmethods="2" conditionals="0" coveredconditionals="0" statements="2" coveredstatements="2" elements="4" coveredelements="4"/>
        </class>
        <line num="18" type="method" name="__construct" visibility="public" complexity="1" crap="1" count="41"/>
        <line num="20" type="stmt" count="41"/>
        <line num="27" type="method" name="getRules" visibility="public" complexity="1" crap="1" count="41"/>
        <line num="29" type="stmt" count="41"/>
        <metrics loc="32" ncloc="24" classes="1" methods="2" coveredmethods="2" conditionals="0" coveredconditionals="0" statements="2" coveredstatements="2" elements="4" coveredelements="4"/>
      </file>
      <file name="/home/runner/work/data/data/src/Attributes/Validation/ForeignId.php">
        <class name="Honed\Data\Attributes\Validation\ForeignId" namespace="Honed\Data\Attributes\Validation">
          <metrics complexity="2" methods="2" coveredmethods="1" conditionals="0" coveredconditionals="0" statements="2" coveredstatements="1" elements="4" coveredelements="2"/>
        </class>
        <line num="23" type="method" name="__construct" visibility="public" complexity="1" crap="1" count="2"/>
        <line num="26" type="stmt" count="2"/>
        <line num="33" type="method" name="getRules" visibility="public" complexity="1" crap="2" count="0"/>
        <line num="35" type="stmt" count="0"/>
        <metrics loc="38" ncloc="26" classes="1" methods="2" coveredmethods="1" conditionals="0" coveredconditionals="0" statements="2" coveredstatements="1" elements="4" coveredelements="2"/>
      </file>
      <file name="/home/runner/work/data/data/src/Attributes/Validation/Hashtag.php">
        <class name="Honed\Data\Attributes\Validation\Hashtag" namespace="Honed\Data\Attributes\Validation">
          <metrics complexity="1" methods="1" coveredmethods="1" conditionals="0" coveredconditionals="0" statements="1" coveredstatements="1" elements="2" coveredelements="2"/>
        </class>
        <line num="20" type="method" name="getRules" visibility="public" complexity="1" crap="1" count="7"/>
        <line num="22" type="stmt" count="7"/>
        <metrics loc="25" ncloc="20" classes="1" methods="1" coveredmethods="1" conditionals="0" coveredconditionals="0" statements="1" coveredstatements="1" elements="2" coveredelements="2"/>
      </file>
      <file name="/home/runner/work/data/data/src/Attributes/Validation/HexColor.php">
        <class name="Honed\Data\Attributes\Validation\HexColor" namespace="Honed\Data\Attributes\Validation">
          <metrics complexity="2" methods="2" coveredmethods="2" conditionals="0" coveredconditionals="0" statements="2" coveredstatements="2" elements="4" coveredelements="4"/>
        </class>
        <line num="16" type="method" name="keyword" visibility="public" complexity="1" crap="1" count="18"/>
        <line num="18" type="stmt" count="18"/>
        <line num="26" type="method" name="parameters" visibility="public" complexity="1" crap="1" count="18"/>
        <line num="28" type="stmt" count="18"/>
        <metrics loc="31" ncloc="23" classes="1" methods="2" coveredmethods="2" conditionals="0" coveredconditionals="0" statements="2" coveredstatements="2" elements="4" coveredelements="4"/>
      </file>
      <file name="/home/runner/work/data/data/src/Attributes/Validation/HslColor.php">
        <class name="Honed\Data\Attributes\Validation\HslColor" namespace="Honed\Data\Attributes\Validation">
          <metrics complexity="1" methods="1" coveredmethods="1" conditionals="0" coveredconditionals="0" statements="1" coveredstatements="1" elements="2" coveredelements="2"/>
        </class>
        <line num="20" type="method" name="getRules" visibility="public" complexity="1" crap="1" count="11"/>
        <line num="22" type="stmt" count="11"/>
        <metrics loc="25" ncloc="20" classes="1" methods="1" coveredmethods="1" conditionals="0" coveredconditionals="0" statements="1" coveredstatements="1" elements="2" coveredelements="2"/>
      </file>
      <file name="/home/runner/work/data/data/src/Attributes/Validation/HsvColor.php">
        <class name="Honed\Data\Attributes\Validation\HsvColor" namespace="Honed\Data\Attributes\Validation">
          <metrics complexity="1" methods="1" coveredmethods="1" conditionals="0" coveredconditionals="0" statements="1" coveredstatements="1" elements="2" coveredelements="2"/>
        </class>
        <line num="20" type="method" name="getRules" visibility="public" complexity="1" crap="1" count="21"/>
        <line num="22" type="stmt" count="21"/>
        <metrics loc="25" ncloc="20" classes="1" methods="1" coveredmethods="1" conditionals="0" coveredconditionals="0" statements="1" coveredstatements="1" elements="2" coveredelements="2"/>
      </file>
      <file name="/home/runner/work/data/data/src/Attributes/Validation/Jwt.php">
        <class name="Honed\Data\Attributes\Validation\Jwt" namespace="Honed\Data\Attributes\Validation">
          <metrics complexity="1" methods="1" coveredmethods="1" conditionals="0" coveredconditionals="0" statements="1" coveredstatements="1" elements="2" coveredelements="2"/>
        </class>
        <line num="20" type="method" name="getRules" visibility="public" complexity="1" crap="1" count="15"/>
        <line num="22" type="stmt" count="15"/>
        <metrics loc="25" ncloc="20" classes="1" methods="1" coveredmethods="1" conditionals="0" coveredconditionals="0" statements="1" coveredstatements="1" elements="2" coveredelements="2"/>
      </file>
      <file name="/home/runner/work/data/data/src/Attributes/Validation/Kebabcase.php">
        <class name="Honed\Data\Attributes\Validation\Kebabcase" namespace="Honed\Data\Attributes\Validation">
          <metrics complexity="1" methods="1" coveredmethods="1" conditionals="0" coveredconditionals="0" statements="1" coveredstatements="1" elements="2" coveredelements="2"/>
        </class>
        <line num="20" type="method" name="getRules" visibility="public" complexity="1" crap="1" count="11"/>
        <line num="22" type="stmt" count="11"/>
        <metrics loc="25" ncloc="20" classes="1" methods="1" coveredmethods="1" conditionals="0" coveredconditionals="0" statements="1" coveredstatements="1" elements="2" coveredelements="2"/>
      </file>
      <file name="/home/runner/work/data/data/src/Attributes/Validation/Latitude.php">
        <class name="Honed\Data\Attributes\Validation\Latitude" namespace="Honed\Data\Attributes\Validation">
          <metrics complexity="1" methods="1" coveredmethods="1" conditionals="0" coveredconditionals="0" statements="1" coveredstatements="1" elements="2" coveredelements="2"/>
        </class>
        <line num="20" type="method" name="getRules" visibility="public" complexity="1" crap="1" count="16"/>
        <line num="22" type="stmt" count="16"/>
        <metrics loc="25" ncloc="20" classes="1" methods="1" coveredmethods="1" conditionals="0" coveredconditionals="0" statements="1" coveredstatements="1" elements="2" coveredelements="2"/>
      </file>
      <file name="/home/runner/work/data/data/src/Attributes/Validation/Longitude.php">
        <class name="Honed\Data\Attributes\Validation\Longitude" namespace="Honed\Data\Attributes\Validation">
          <metrics complexity="1" methods="1" coveredmethods="1" conditionals="0" coveredconditionals="0" statements="1" coveredstatements="1" elements="2" coveredelements="2"/>
        </class>
        <line num="20" type="method" name="getRules" visibility="public" complexity="1" crap="1" count="12"/>
        <line num="22" type="stmt" count="12"/>
        <metrics loc="25" ncloc="20" classes="1" methods="1" coveredmethods="1" conditionals="0" coveredconditionals="0" statements="1" coveredstatements="1" elements="2" coveredelements="2"/>
      </file>
      <file name="/home/runner/work/data/data/src/Attributes/Validation/Lowercase.php">
        <class name="Honed\Data\Attributes\Validation\Lowercase" namespace="Honed\Data\Attributes\Validation">
          <metrics complexity="1" methods="1" coveredmethods="1" conditionals="0" coveredconditionals="0" statements="1" coveredstatements="1" elements="2" coveredelements="2"/>
        </class>
        <line num="20" type="method" name="getRules" visibility="public" complexity="1" crap="1" count="17"/>
        <line num="22" type="stmt" count="17"/>
        <metrics loc="25" ncloc="20" classes="1" methods="1" coveredmethods="1" conditionals="0" coveredconditionals="0" statements="1" coveredstatements="1" elements="2" coveredelements="2"/>
      </file>
      <file name="/home/runner/work/data/data/src/Attributes/Validation/Luhn.php">
        <class name="Honed\Data\Attributes\Validation\Luhn" namespace="Honed\Data\Attributes\Validation">
          <metrics complexity="1" methods="1" coveredmethods="1" conditionals="0" coveredconditionals="0" statements="1" coveredstatements="1" elements="2" coveredelements="2"/>
        </class>
        <line num="20" type="method" name="getRules" visibility="public" complexity="1" crap="1" count="8"/>
        <line num="22" type="stmt" count="8"/>
        <metrics loc="25" ncloc="20" classes="1" methods="1" coveredmethods="1" conditionals="0" coveredconditionals="0" statements="1" coveredstatements="1" elements="2" coveredelements="2"/>
      </file>
      <file name="/home/runner/work/data/data/src/Attributes/Validation/MaxWords.php">
        <class name="Honed\Data\Attributes\Validation\MaxWords" namespace="Honed\Data\Attributes\Validation">
          <metrics complexity="2" methods="2" coveredmethods="2" conditionals="0" coveredconditionals="0" statements="2" coveredstatements="2" elements="4" coveredelements="4"/>
        </class>
        <line num="15" type="method" name="__construct" visibility="public" complexity="1" crap="1" count="6"/>
        <line num="17" type="stmt" count="6"/>
        <line num="24" type="method" name="getRules" visibility="public" complexity="1" crap="1" count="6"/>
        <line num="26" type="stmt" count="6"/>
        <metrics loc="29" ncloc="24" classes="1" methods="2" coveredmethods="2" conditionals="0" coveredconditionals="0" statements="2" coveredstatements="2" elements="4" coveredelements="4"/>
      </file>
      <file name="/home/runner/work/data/data/src/Attributes/Validation/MimeType.php">
        <class name="Honed\Data\Attributes\Validation\MimeType" namespace="Honed\Data\Attributes\Validation">
          <metrics complexity="1" methods="1" coveredmethods="1" conditionals="0" coveredconditionals="0" statements="1" coveredstatements="1" elements="2" coveredelements="2"/>
        </class>
        <line num="20" type="method" name="getRules" visibility="public" complexity="1" crap="1" count="16"/>
        <line num="22" type="stmt" count="16"/>
        <metrics loc="25" ncloc="20" classes="1" methods="1" coveredmethods="1" conditionals="0" coveredconditionals="0" statements="1" coveredstatements="1" elements="2" coveredelements="2"/>
      </file>
      <file name="/home/runner/work/data/data/src/Attributes/Validation/Odd.php">
        <class name="Honed\Data\Attributes\Validation\Odd" namespace="Honed\Data\Attributes\Validation">
          <metrics complexity="1" methods="1" coveredmethods="1" conditionals="0" coveredconditionals="0" statements="1" coveredstatements="1" elements="2" coveredelements="2"/>
        </class>
        <line num="20" type="method" name="getRules" visibility="public" complexity="1" crap="1" count="12"/>
        <line num="22" type="stmt" count="12"/>
        <metrics loc="25" ncloc="20" classes="1" methods="1" coveredmethods="1" conditionals="0" coveredconditionals="0" statements="1" coveredstatements="1" elements="2" coveredelements="2"/>
      </file>
      <file name="/home/runner/work/data/data/src/Attributes/Validation/Phone.php">
        <class name="Honed\Data\Attributes\Validation\Phone" namespace="Honed\Data\Attributes\Validation">
          <metrics complexity="4" methods="2" coveredmethods="1" conditionals="0" coveredconditionals="0" statements="6" coveredstatements="5" elements="8" coveredelements="6"/>
        </class>
        <line num="26" type="method" name="__construct" visibility="public" complexity="3" crap="3.14" count="4"/>
        <line num="29" type="stmt" count="4"/>
        <line num="31" type="stmt" count="4"/>
        <line num="33" type="stmt" count="0"/>
        <line num="36" type="stmt" count="4"/>
        <line num="44" type="method" name="getRules" visibility="public" complexity="1" crap="1" count="4"/>
        <line num="46" type="stmt" count="4"/>
        <line num="48" type="stmt" count="4"/>
        <metrics loc="51" ncloc="34" classes="1" methods="2" coveredmethods="1" conditionals="0" coveredconditionals="0" statements="6" coveredstatements="5" elements="8" coveredelements="6"/>
      </file>
      <file name="/home/runner/work/data/data/src/Attributes/Validation/PostalCode.php">
        <class name="Honed\Data\Attributes\Validation\PostalCode" namespace="Honed\Data\Attributes\Validation">
          <metrics complexity="2" methods="2" coveredmethods="2" conditionals="0" coveredconditionals="0" statements="2" coveredstatements="2" elements="4" coveredelements="4"/>
        </class>
        <line num="22" type="method" name="__construct" visibility="public" complexity="1" crap="1" count="34"/>
        <line num="25" type="stmt" count="34"/>
        <line num="33" type="method" name="getRules" visibility="public" complexity="1" crap="1" count="34"/>
        <line num="35" type="stmt" count="34"/>
        <metrics loc="38" ncloc="27" classes="1" methods="2" coveredmethods="2" conditionals="0" coveredconditionals="0" statements="2" coveredstatements="2" elements="4" coveredelements="4"/>
      </file>
      <file name="/home/runner/work/data/data/src/Attributes/Validation/Recaptcha.php">
        <class name="Honed\Data\Attributes\Validation\Recaptcha" namespace="Honed\Data\Attributes\Validation">
          <metrics complexity="2" methods="2" coveredmethods="2" conditionals="0" coveredconditionals="0" statements="2" coveredstatements="2" elements="4" coveredelements="4"/>
        </class>
        <line num="19" type="method" name="__construct" visibility="public" complexity="1" crap="1" count="1"/>
        <line num="21" type="stmt" count="1"/>
        <line num="28" type="method" name="getRules" visibility="public" complexity="1" crap="1" count="1"/>
        <line num="30" type="stmt" count="1"/>
        <metrics loc="33" ncloc="25" classes="1" methods="2" coveredmethods="2" conditionals="0" coveredconditionals="0" statements="2" coveredstatements="2" elements="4" coveredelements="4"/>
      </file>
      <file name="/home/runner/work/data/data/src/Attributes/Validation/Scalar.php">
        <class name="Honed\Data\Attributes\Validation\Scalar" namespace="Honed\Data\Attributes\Validation">
          <metrics complexity="1" methods="1" coveredmethods="1" conditionals="0" coveredconditionals="0" statements="1" coveredstatements="1" elements="2" coveredelements="2"/>
        </class>
        <line num="20" type="method" name="getRules" visibility="public" complexity="1" crap="1" count="11"/>
        <line num="22" type="stmt" count="11"/>
        <metrics loc="25" ncloc="20" classes="1" methods="1" coveredmethods="1" conditionals="0" coveredconditionals="0" statements="1" coveredstatements="1" elements="2" coveredelements="2"/>
      </file>
      <file name="/home/runner/work/data/data/src/Attributes/Validation/Semver.php">
        <class name="Honed\Data\Attributes\Validation\Semver" namespace="Honed\Data\Attributes\Validation">
          <metrics complexity="1" methods="1" coveredmethods="1" conditionals="0" coveredconditionals="0" statements="1" coveredstatements="1" elements="2" coveredelements="2"/>
        </class>
        <line num="20" type="method" name="getRules" visibility="public" complexity="1" crap="1" count="20"/>
        <line num="22" type="stmt" count="20"/>
        <metrics loc="25" ncloc="20" classes="1" methods="1" coveredmethods="1" conditionals="0" coveredconditionals="0" statements="1" coveredstatements="1" elements="2" coveredelements="2"/>
      </file>
      <file name="/home/runner/work/data/data/src/Attributes/Validation/SignedInteger.php">
        <class name="Honed\Data\Attributes\Validation\SignedInteger" namespace="Honed\Data\Attributes\Validation">
          <metrics complexity="1" methods="1" coveredmethods="1" conditionals="0" coveredconditionals="0" statements="1" coveredstatements="1" elements="2" coveredelements="2"/>
        </class>
        <line num="19" type="method" name="getRules" visibility="public" complexity="1" crap="1" count="6"/>
        <line num="21" type="stmt" count="6"/>
        <metrics loc="24" ncloc="19" classes="1" methods="1" coveredmethods="1" conditionals="0" coveredconditionals="0" statements="1" coveredstatements="1" elements="2" coveredelements="2"/>
      </file>
      <file name="/home/runner/work/data/data/src/Attributes/Validation/SignedMediumInteger.php">
        <class name="Honed\Data\Attributes\Validation\SignedMediumInteger" namespace="Honed\Data\Attributes\Validation">
          <metrics complexity="1" methods="1" coveredmethods="1" conditionals="0" coveredconditionals="0" statements="1" coveredstatements="1" elements="2" coveredelements="2"/>
        </class>
        <line num="19" type="method" name="getRules" visibility="public" complexity="1" crap="1" count="7"/>
        <line num="21" type="stmt" count="7"/>
        <metrics loc="24" ncloc="19" classes="1" methods="1" coveredmethods="1" conditionals="0" coveredconditionals="0" statements="1" coveredstatements="1" elements="2" coveredelements="2"/>
      </file>
      <file name="/home/runner/work/data/data/src/Attributes/Validation/SignedSmallInteger.php">
        <class name="Honed\Data\Attributes\Validation\SignedSmallInteger" namespace="Honed\Data\Attributes\Validation">
          <metrics complexity="1" methods="1" coveredmethods="1" conditionals="0" coveredconditionals="0" statements="1" coveredstatements="1" elements="2" coveredelements="2"/>
        </class>
        <line num="19" type="method" name="getRules" visibility="public" complexity="1" crap="1" count="7"/>
        <line num="21" type="stmt" count="7"/>
        <metrics loc="24" ncloc="19" classes="1" methods="1" coveredmethods="1" conditionals="0" coveredconditionals="0" statements="1" coveredstatements="1" elements="2" coveredelements="2"/>
      </file>
      <file name="/home/runner/work/data/data/src/Attributes/Validation/SignedTinyInteger.php">
        <class name="Honed\Data\Attributes\Validation\SignedTinyInteger" namespace="Honed\Data\Attributes\Validation">
          <metrics complexity="1" methods="1" coveredmethods="1" conditionals="0" coveredconditionals="0" statements="1" coveredstatements="1" elements="2" coveredelements="2"/>
        </class>
        <line num="19" type="method" name="getRules" visibility="public" complexity="1" crap="1" count="7"/>
        <line num="21" type="stmt" count="7"/>
        <metrics loc="24" ncloc="19" classes="1" methods="1" coveredmethods="1" conditionals="0" coveredconditionals="0" statements="1" coveredstatements="1" elements="2" coveredelements="2"/>
      </file>
      <file name="/home/runner/work/data/data/src/Attributes/Validation/Slug.php">
        <class name="Honed\Data\Attributes\Validation\Slug" namespace="Honed\Data\Attributes\Validation">
          <metrics complexity="1" methods="1" coveredmethods="1" conditionals="0" coveredconditionals="0" statements="1" coveredstatements="1" elements="2" coveredelements="2"/>
        </class>
        <line num="20" type="method" name="getRules" visibility="public" complexity="1" crap="1" count="23"/>
        <line num="22" type="stmt" count="23"/>
        <metrics loc="25" ncloc="20" classes="1" methods="1" coveredmethods="1" conditionals="0" coveredconditionals="0" statements="1" coveredstatements="1" elements="2" coveredelements="2"/>
      </file>
      <file name="/home/runner/work/data/data/src/Attributes/Validation/Snakecase.php">
        <class name="Honed\Data\Attributes\Validation\Snakecase" namespace="Honed\Data\Attributes\Validation">
          <metrics complexity="1" methods="1" coveredmethods="1" conditionals="0" coveredconditionals="0" statements="1" coveredstatements="1" elements="2" coveredelements="2"/>
        </class>
        <line num="20" type="method" name="getRules" visibility="public" complexity="1" crap="1" count="11"/>
        <line num="22" type="stmt" count="11"/>
        <metrics loc="25" ncloc="20" classes="1" methods="1" coveredmethods="1" conditionals="0" coveredconditionals="0" statements="1" coveredstatements="1" elements="2" coveredelements="2"/>
      </file>
      <file name="/home/runner/work/data/data/src/Attributes/Validation/Titlecase.php">
        <class name="Honed\Data\Attributes\Validation\Titlecase" namespace="Honed\Data\Attributes\Validation">
          <metrics complexity="1" methods="1" coveredmethods="1" conditionals="0" coveredconditionals="0" statements="1" coveredstatements="1" elements="2" coveredelements="2"/>
        </class>
        <line num="20" type="method" name="getRules" visibility="public" complexity="1" crap="1" count="21"/>
        <line num="22" type="stmt" count="21"/>
        <metrics loc="25" ncloc="20" classes="1" methods="1" coveredmethods="1" conditionals="0" coveredconditionals="0" statements="1" coveredstatements="1" elements="2" coveredelements="2"/>
      </file>
      <file name="/home/runner/work/data/data/src/Attributes/Validation/Ulid.php">
        <class name="Honed\Data\Attributes\Validation\Ulid" namespace="Honed\Data\Attributes\Validation">
          <metrics complexity="1" methods="1" coveredmethods="1" conditionals="0" coveredconditionals="0" statements="1" coveredstatements="1" elements="2" coveredelements="2"/>
        </class>
        <line num="20" type="method" name="getRules" visibility="public" complexity="1" crap="1" count="15"/>
        <line num="22" type="stmt" count="15"/>
        <metrics loc="25" ncloc="20" classes="1" methods="1" coveredmethods="1" conditionals="0" coveredconditionals="0" statements="1" coveredstatements="1" elements="2" coveredelements="2"/>
      </file>
      <file name="/home/runner/work/data/data/src/Attributes/Validation/UnsignedInteger.php">
        <class name="Honed\Data\Attributes\Validation\UnsignedInteger" namespace="Honed\Data\Attributes\Validation">
          <metrics complexity="1" methods="1" coveredmethods="1" conditionals="0" coveredconditionals="0" statements="1" coveredstatements="1" elements="2" coveredelements="2"/>
        </class>
        <line num="19" type="method" name="getRules" visibility="public" complexity="1" crap="1" count="6"/>
        <line num="21" type="stmt" count="6"/>
        <metrics loc="24" ncloc="19" classes="1" methods="1" coveredmethods="1" conditionals="0" coveredconditionals="0" statements="1" coveredstatements="1" elements="2" coveredelements="2"/>
      </file>
      <file name="/home/runner/work/data/data/src/Attributes/Validation/UnsignedMediumInteger.php">
        <class name="Honed\Data\Attributes\Validation\UnsignedMediumInteger" namespace="Honed\Data\Attributes\Validation">
          <metrics complexity="1" methods="1" coveredmethods="1" conditionals="0" coveredconditionals="0" statements="1" coveredstatements="1" elements="2" coveredelements="2"/>
        </class>
        <line num="19" type="method" name="getRules" visibility="public" complexity="1" crap="1" count="6"/>
        <line num="21" type="stmt" count="6"/>
        <metrics loc="24" ncloc="19" classes="1" methods="1" coveredmethods="1" conditionals="0" coveredconditionals="0" statements="1" coveredstatements="1" elements="2" coveredelements="2"/>
      </file>
      <file name="/home/runner/work/data/data/src/Attributes/Validation/UnsignedSmallInteger.php">
        <class name="Honed\Data\Attributes\Validation\UnsignedSmallInteger" namespace="Honed\Data\Attributes\Validation">
          <metrics complexity="1" methods="1" coveredmethods="1" conditionals="0" coveredconditionals="0" statements="1" coveredstatements="1" elements="2" coveredelements="2"/>
        </class>
        <line num="19" type="method" name="getRules" visibility="public" complexity="1" crap="1" count="6"/>
        <line num="21" type="stmt" count="6"/>
        <metrics loc="24" ncloc="19" classes="1" methods="1" coveredmethods="1" conditionals="0" coveredconditionals="0" statements="1" coveredstatements="1" elements="2" coveredelements="2"/>
      </file>
      <file name="/home/runner/work/data/data/src/Attributes/Validation/UnsignedTinyInteger.php">
        <class name="Honed\Data\Attributes\Validation\UnsignedTinyInteger" namespace="Honed\Data\Attributes\Validation">
          <metrics complexity="1" methods="1" coveredmethods="1" conditionals="0" coveredconditionals="0" statements="1" coveredstatements="1" elements="2" coveredelements="2"/>
        </class>
        <line num="19" type="method" name="getRules" visibility="public" complexity="1" crap="1" count="6"/>
        <line num="21" type="stmt" count="6"/>
        <metrics loc="24" ncloc="19" classes="1" methods="1" coveredmethods="1" conditionals="0" coveredconditionals="0" statements="1" coveredstatements="1" elements="2" coveredelements="2"/>
      </file>
      <file name="/home/runner/work/data/data/src/Attributes/Validation/Uppercase.php">
        <class name="Honed\Data\Attributes\Validation\Uppercase" namespace="Honed\Data\Attributes\Validation">
          <metrics complexity="1" methods="1" coveredmethods="1" conditionals="0" coveredconditionals="0" statements="1" coveredstatements="1" elements="2" coveredelements="2"/>
        </class>
        <line num="20" type="method" name="getRules" visibility="public" complexity="1" crap="1" count="21"/>
        <line num="22" type="stmt" count="21"/>
        <metrics loc="25" ncloc="20" classes="1" methods="1" coveredmethods="1" conditionals="0" coveredconditionals="0" statements="1" coveredstatements="1" elements="2" coveredelements="2"/>
      </file>
      <file name="/home/runner/work/data/data/src/Attributes/Validation/UrlWithoutScheme.php">
        <class name="Honed\Data\Attributes\Validation\UrlWithoutScheme" namespace="Honed\Data\Attributes\Validation">
          <metrics complexity="1" methods="1" coveredmethods="1" conditionals="0" coveredconditionals="0" statements="1" coveredstatements="1" elements="2" coveredelements="2"/>
        </class>
        <line num="20" type="method" name="getRules" visibility="public" complexity="1" crap="1" count="21"/>
        <line num="22" type="stmt" count="21"/>
        <metrics loc="25" ncloc="20" classes="1" methods="1" coveredmethods="1" conditionals="0" coveredconditionals="0" statements="1" coveredstatements="1" elements="2" coveredelements="2"/>
      </file>
      <file name="/home/runner/work/data/data/src/Attributes/Validation/Username.php">
        <class name="Honed\Data\Attributes\Validation\Username" namespace="Honed\Data\Attributes\Validation">
          <metrics complexity="1" methods="1" coveredmethods="1" conditionals="0" coveredconditionals="0" statements="1" coveredstatements="1" elements="2" coveredelements="2"/>
        </class>
        <line num="20" type="method" name="getRules" visibility="public" complexity="1" crap="1" count="37"/>
        <line num="22" type="stmt" count="37"/>
        <metrics loc="25" ncloc="20" classes="1" methods="1" coveredmethods="1" conditionals="0" coveredconditionals="0" statements="1" coveredstatements="1" elements="2" coveredelements="2"/>
      </file>
      <file name="/home/runner/work/data/data/src/Attributes/Validation/Vimeo.php">
        <class name="Honed\Data\Attributes\Validation\Vimeo" namespace="Honed\Data\Attributes\Validation">
          <metrics complexity="1" methods="1" coveredmethods="1" conditionals="0" coveredconditionals="0" statements="1" coveredstatements="1" elements="2" coveredelements="2"/>
        </class>
        <line num="20" type="method" name="getRules" visibility="public" complexity="1" crap="1" count="34"/>
        <line num="22" type="stmt" count="34"/>
        <metrics loc="25" ncloc="20" classes="1" methods="1" coveredmethods="1" conditionals="0" coveredconditionals="0" statements="1" coveredstatements="1" elements="2" coveredelements="2"/>
      </file>
      <file name="/home/runner/work/data/data/src/Attributes/Validation/Whitespace.php">
        <class name="Honed\Data\Attributes\Validation\Whitespace" namespace="Honed\Data\Attributes\Validation">
          <metrics complexity="1" methods="1" coveredmethods="1" conditionals="0" coveredconditionals="0" statements="1" coveredstatements="1" elements="2" coveredelements="2"/>
        </class>
        <line num="20" type="method" name="getRules" visibility="public" complexity="1" crap="1" count="4"/>
        <line num="22" type="stmt" count="4"/>
        <metrics loc="25" ncloc="20" classes="1" methods="1" coveredmethods="1" conditionals="0" coveredconditionals="0" statements="1" coveredstatements="1" elements="2" coveredelements="2"/>
      </file>
      <file name="/home/runner/work/data/data/src/Attributes/Validation/Youtube.php">
        <class name="Honed\Data\Attributes\Validation\Youtube" namespace="Honed\Data\Attributes\Validation">
          <metrics complexity="1" methods="1" coveredmethods="1" conditionals="0" coveredconditionals="0" statements="1" coveredstatements="1" elements="2" coveredelements="2"/>
        </class>
        <line num="20" type="method" name="getRules" visibility="public" complexity="1" crap="1" count="40"/>
        <line num="22" type="stmt" count="40"/>
        <metrics loc="25" ncloc="20" classes="1" methods="1" coveredmethods="1" conditionals="0" coveredconditionals="0" statements="1" coveredstatements="1" elements="2" coveredelements="2"/>
      </file>
    </package>
    <package name="Honed\Data\Attributes\Validation\References">
      <file name="/home/runner/work/data/data/src/Attributes/Validation/References/CacheParameterReference.php">
        <class name="Honed\Data\Attributes\Validation\References\CacheParameterReference" namespace="Honed\Data\Attributes\Validation\References">
          <metrics complexity="2" methods="2" coveredmethods="2" conditionals="0" coveredconditionals="0" statements="2" coveredstatements="2" elements="4" coveredelements="4"/>
        </class>
        <line num="12" type="method" name="__construct" visibility="public" complexity="1" crap="1" count="1"/>
        <line num="16" type="stmt" count="1"/>
        <line num="21" type="method" name="getValue" visibility="public" complexity="1" crap="1" count="7"/>
        <line num="23" type="stmt" count="7"/>
        <metrics loc="26" ncloc="23" classes="1" methods="2" coveredmethods="2" conditionals="0" coveredconditionals="0" statements="2" coveredstatements="2" elements="4" coveredelements="4"/>
      </file>
      <file name="/home/runner/work/data/data/src/Attributes/Validation/References/SessionParameterReference.php">
        <class name="Honed\Data\Attributes\Validation\References\SessionParameterReference" namespace="Honed\Data\Attributes\Validation\References">
          <metrics complexity="2" methods="2" coveredmethods="2" conditionals="0" coveredconditionals="0" statements="2" coveredstatements="2" elements="4" coveredelements="4"/>
        </class>
        <line num="12" type="method" name="__construct" visibility="public" complexity="1" crap="1" count="1"/>
        <line num="16" type="stmt" count="1"/>
        <line num="21" type="method" name="getValue" visibility="public" complexity="1" crap="1" count="3"/>
        <line num="23" type="stmt" count="3"/>
        <metrics loc="26" ncloc="23" classes="1" methods="2" coveredmethods="2" conditionals="0" coveredconditionals="0" statements="2" coveredstatements="2" elements="4" coveredelements="4"/>
      </file>
    </package>
    <package name="Honed\Data\Concerns">
      <file name="/home/runner/work/data/data/src/Concerns/DefaultsData.php">
        <class name="Honed\Data\Concerns\DefaultsData" namespace="Honed\Data\Concerns">
          <metrics complexity="1" methods="1" coveredmethods="0" conditionals="0" coveredconditionals="0" statements="1" coveredstatements="0" elements="2" coveredelements="0"/>
        </class>
        <line num="29" type="method" name="empty" visibility="public" complexity="1" crap="2" count="0"/>
        <line num="31" type="stmt" count="0"/>
        <metrics loc="34" ncloc="16" classes="1" methods="1" coveredmethods="0" conditionals="0" coveredconditionals="0" statements="1" coveredstatements="0" elements="2" coveredelements="0"/>
      </file>
      <file name="/home/runner/work/data/data/src/Concerns/FormsData.php">
        <class name="Honed\Data\Concerns\FormsData" namespace="Honed\Data\Concerns">
          <metrics complexity="2" methods="2" coveredmethods="2" conditionals="0" coveredconditionals="0" statements="5" coveredstatements="5" elements="7" coveredelements="7"/>
        </class>
        <line num="21" type="method" name="pipeline" visibility="public" complexity="1" crap="1" count="9"/>
        <line num="23" type="stmt" count="9"/>
        <line num="24" type="stmt" count="9"/>
        <line num="32" type="method" name="toForm" visibility="public" complexity="1" crap="1" count="8"/>
        <line num="34" type="stmt" count="8"/>
        <line num="35" type="stmt" count="8"/>
        <line num="36" type="stmt" count="8"/>
        <metrics loc="39" ncloc="26" classes="1" methods="2" coveredmethods="2" conditionals="0" coveredconditionals="0" statements="5" coveredstatements="5" elements="7" coveredelements="7"/>
      </file>
      <file name="/home/runner/work/data/data/src/Concerns/PartitionsData.php">
        <class name="Honed\Data\Concerns\PartitionsData" namespace="Honed\Data\Concerns">
          <metrics complexity="6" methods="2" coveredmethods="2" conditionals="0" coveredconditionals="0" statements="10" coveredstatements="10" elements="12" coveredelements="12"/>
        </class>
        <line num="30" type="method" name="partition" visibility="public" complexity="4" crap="4" count="3"/>
        <line num="32" type="stmt" count="3"/>
        <line num="34" type="stmt" count="3"/>
        <line num="35" type="stmt" count="1"/>
        <line num="38" type="stmt" count="2"/>
        <line num="39" type="stmt" count="1"/>
        <line num="42" type="stmt" count="1"/>
        <line num="50" type="method" name="getPartition" visibility="protected" complexity="2" crap="2" count="3"/>
        <line num="52" type="stmt" count="3"/>
        <line num="54" type="stmt" count="3"/>
        <line num="55" type="stmt" count="1"/>
        <line num="58" type="stmt" count="2"/>
        <metrics loc="61" ncloc="40" classes="1" methods="2" coveredmethods="2" conditionals="0" coveredconditionals="0" statements="10" coveredstatements="10" elements="12" coveredelements="12"/>
      </file>
      <file name="/home/runner/work/data/data/src/Concerns/ProvidesData.php">
        <class name="Honed\Data\Concerns\ProvidesData" namespace="Honed\Data\Concerns">
          <metrics complexity="9" methods="4" coveredmethods="4" conditionals="0" coveredconditionals="0" statements="13" coveredstatements="13" elements="17" coveredelements="17"/>
        </class>
        <line num="30" type="method" name="data" visibility="public" complexity="1" crap="1" count="6"/>
        <line num="32" type="stmt" count="6"/>
        <line num="34" type="stmt" count="6"/>
        <line num="42" type="method" name="getDataClass" visibility="public" complexity="1" crap="1" count="7"/>
        <line num="44" type="stmt" count="7"/>
        <line num="54" type="method" name="getData" visibility="public" complexity="2" crap="2" count="5"/>
        <line num="56" type="stmt" count="5"/>
        <line num="58" type="stmt" count="5"/>
        <line num="59" type="stmt" count="1"/>
        <line num="62" type="stmt" count="4"/>
        <line num="72" type="method" name="provideData" visibility="public" complexity="5" crap="5" count="5"/>
        <line num="75" type="stmt" count="5"/>
        <line num="77" type="stmt" count="5"/>
        <line num="79" type="stmt" count="2"/>
        <line num="82" type="stmt" count="5"/>
        <line num="83" type="stmt" count="2"/>
        <line num="86" type="stmt" count="3"/>
        <metrics loc="89" ncloc="54" classes="1" methods="4" coveredmethods="4" conditionals="0" coveredconditionals="0" statements="13" coveredstatements="13" elements="17" coveredelements="17"/>
      </file>
      <file name="/home/runner/work/data/data/src/Concerns/TranslatesErrorMessages.php">
        <class name="Honed\Data\Concerns\TranslatesErrorMessages" namespace="Honed\Data\Concerns">
          <metrics complexity="3" methods="1" coveredmethods="1" conditionals="0" coveredconditionals="0" statements="6" coveredstatements="6" elements="7" coveredelements="7"/>
        </class>
        <line num="17" type="method" name="message" visibility="public" complexity="3" crap="3" count="118"/>
        <line num="19" type="stmt" count="118"/>
        <line num="21" type="stmt" count="118"/>
        <line num="22" type="stmt" count="118"/>
        <line num="24" type="stmt" count="118"/>
        <line num="25" type="stmt" count="114"/>
        <line num="29" type="stmt" count="4"/>
        <metrics loc="32" ncloc="24" classes="1" methods="1" coveredmethods="1" conditionals="0" coveredconditionals="0" statements="6" coveredstatements="6" elements="7" coveredelements="7"/>
      </file>
    </package>
    <file name="/home/runner/work/data/data/src/Contracts/Defaultable.php">
      <metrics loc="16" ncloc="11" classes="0" methods="0" coveredmethods="0" conditionals="0" coveredconditionals="0" statements="0" coveredstatements="0" elements="0" coveredelements="0"/>
    </file>
    <file name="/home/runner/work/data/data/src/Contracts/Formable.php">
      <metrics loc="16" ncloc="11" classes="0" methods="0" coveredmethods="0" conditionals="0" coveredconditionals="0" statements="0" coveredstatements="0" elements="0" coveredelements="0"/>
    </file>
    <file name="/home/runner/work/data/data/src/Contracts/Partitionable.php">
      <metrics loc="25" ncloc="15" classes="0" methods="0" coveredmethods="0" conditionals="0" coveredconditionals="0" statements="0" coveredstatements="0" elements="0" coveredelements="0"/>
    </file>
    <file name="/home/runner/work/data/data/src/Contracts/PreparesPropertyValue.php">
      <metrics loc="25" ncloc="19" classes="0" methods="0" coveredmethods="0" conditionals="0" coveredconditionals="0" statements="0" coveredstatements="0" elements="0" coveredelements="0"/>
    </file>
    <file name="/home/runner/work/data/data/src/Contracts/QueryFrom.php">
      <metrics loc="22" ncloc="13" classes="0" methods="0" coveredmethods="0" conditionals="0" coveredconditionals="0" statements="0" coveredstatements="0" elements="0" coveredelements="0"/>
    </file>
    <file name="/home/runner/work/data/data/src/Contracts/Translatable.php">
      <metrics loc="16" ncloc="11" classes="0" methods="0" coveredmethods="0" conditionals="0" coveredconditionals="0" statements="0" coveredstatements="0" elements="0" coveredelements="0"/>
    </file>
    <package name="Honed\Data\Data">
      <file name="/home/runner/work/data/data/src/Data/EnumData.php">
        <class name="Honed\Data\Data\EnumData" namespace="Honed\Data\Data">
          <metrics complexity="1" methods="1" coveredmethods="1" conditionals="0" coveredconditionals="0" statements="3" coveredstatements="3" elements="4" coveredelements="4"/>
        </class>
        <line num="16" type="method" name="normalizers" visibility="public" complexity="1" crap="1" count="1"/>
        <line num="18" type="stmt" count="1"/>
        <line num="19" type="stmt" count="1"/>
        <line num="20" type="stmt" count="1"/>
        <metrics loc="23" ncloc="18" classes="1" methods="1" coveredmethods="1" conditionals="0" coveredconditionals="0" statements="3" coveredstatements="3" elements="4" coveredelements="4"/>
      </file>
      <file name="/home/runner/work/data/data/src/Data/FormData.php">
        <class name="Honed\Data\Data\FormData" namespace="Honed\Data\Data">
          <metrics complexity="0" methods="0" coveredmethods="0" conditionals="0" coveredconditionals="0" statements="0" coveredstatements="0" elements="0" coveredelements="0"/>
        </class>
        <metrics loc="15" ncloc="15" classes="0" methods="0" coveredmethods="0" conditionals="0" coveredconditionals="0" statements="0" coveredstatements="0" elements="0" coveredelements="0"/>
      </file>
      <file name="/home/runner/work/data/data/src/Data/OptionData.php">
        <class name="Honed\Data\Data\OptionData" namespace="Honed\Data\Data">
          <metrics complexity="1" methods="1" coveredmethods="1" conditionals="0" coveredconditionals="0" statements="1" coveredstatements="1" elements="2" coveredelements="2"/>
        </class>
        <line num="11" type="method" name="__construct" visibility="public" complexity="1" crap="1" count="2"/>
        <line num="14" type="stmt" count="2"/>
        <metrics loc="16" ncloc="16" classes="1" methods="1" coveredmethods="1" conditionals="0" coveredconditionals="0" statements="1" coveredstatements="1" elements="2" coveredelements="2"/>
      </file>
    </package>
    <package name="Honed\Data\DataPipes">
      <file name="/home/runner/work/data/data/src/DataPipes/PreparePropertiesDataPipe.php">
        <class name="Honed\Data\DataPipes\PreparePropertiesDataPipe" namespace="Honed\Data\DataPipes">
          <metrics complexity="11" methods="2" coveredmethods="1" conditionals="0" coveredconditionals="0" statements="21" coveredstatements="20" elements="23" coveredelements="21"/>
        </class>
        <line num="17" type="method" name="__construct" visibility="public" complexity="1" crap="1" count="9"/>
        <line num="19" type="stmt" count="9"/>
        <line num="27" type="method" name="handle" visibility="public" complexity="10" crap="10" count="49"/>
        <line num="34" type="stmt" count="49"/>
        <line num="35" type="stmt" count="31"/>
        <line num="36" type="stmt" count="49"/>
        <line num="38" type="stmt" count="19"/>
        <line num="41" type="stmt" count="31"/>
        <line num="42" type="stmt" count="26"/>
        <line num="44" type="stmt" count="26"/>
        <line num="45" type="stmt" count="0"/>
        <line num="48" type="stmt" count="26"/>
        <line num="50" type="stmt" count="26"/>
        <line num="51" type="stmt" count="26"/>
        <line num="53" type="stmt" count="26"/>
        <line num="55" type="stmt" count="26"/>
        <line num="60" type="stmt" count="1"/>
        <line num="61" type="stmt" count="1"/>
        <line num="62" type="stmt" count="1"/>
        <line num="64" type="stmt" count="1"/>
        <line num="67" type="stmt" count="1"/>
        <line num="69" type="stmt" count="1"/>
        <line num="73" type="stmt" count="31"/>
        <metrics loc="76" ncloc="69" classes="1" methods="2" coveredmethods="1" conditionals="0" coveredconditionals="0" statements="21" coveredstatements="20" elements="23" coveredelements="21"/>
      </file>
    </package>
    <package name="Honed\Data">
      <file name="/home/runner/work/data/data/src/DataServiceProvider.php">
        <class name="Honed\Data\DataServiceProvider" namespace="Honed\Data">
          <metrics complexity="13" methods="9" coveredmethods="5" conditionals="0" coveredconditionals="0" statements="40" coveredstatements="22" elements="49" coveredelements="27"/>
        </class>
        <line num="17" type="method" name="shouldExtendValidator" visibility="public" complexity="1" crap="1" count="1"/>
        <line num="19" type="stmt" count="1"/>
        <line num="25" type="method" name="register" visibility="public" complexity="1" crap="1" count="1210"/>
        <line num="27" type="stmt" count="1210"/>
        <line num="33" type="method" name="boot" visibility="public" complexity="3" crap="3.07" count="1210"/>
        <line num="35" type="stmt" count="1210"/>
        <line num="37" type="stmt" count="1210"/>
        <line num="38" type="stmt" count="1210"/>
        <line num="41" type="stmt" count="1210"/>
        <line num="42" type="stmt" count="0"/>
        <line num="49" type="method" name="extendsValidator" visibility="public" complexity="1" crap="1" count="1210"/>
        <line num="52" type="stmt" count="1210"/>
        <line num="54" type="stmt" count="1210"/>
        <line num="62" type="method" name="getRules" visibility="public" complexity="1" crap="2" count="0"/>
        <line num="65" type="stmt" count="0"/>
        <line num="66" type="stmt" count="0"/>
        <line num="67" type="stmt" count="0"/>
        <line num="68" type="stmt" count="0"/>
        <line num="76" type="method" name="getLanguages" visibility="public" complexity="1" crap="1" count="1210"/>
        <line num="79" type="stmt" count="1210"/>
        <line num="80" type="stmt" count="1210"/>
        <line num="81" type="stmt" count="1210"/>
        <line num="82" type="stmt" count="1210"/>
        <line num="88" type="method" name="offerPublishing" visibility="protected" complexity="2" crap="2" count="1210"/>
        <line num="90" type="stmt" count="1210"/>
        <line num="91" type="stmt" count="1210"/>
        <line num="92" type="stmt" count="1210"/>
        <line num="94" type="stmt" count="1210"/>
        <line num="95" type="stmt" count="1210"/>
        <line num="96" type="stmt" count="1210"/>
        <line num="98" type="stmt" count="1210"/>
        <line num="99" type="stmt" count="1210"/>
        <line num="100" type="stmt" count="1210"/>
        <line num="101" type="stmt" count="1210"/>
        <line num="108" type="method" name="extendValidator" visibility="protected" complexity="2" crap="6" count="0"/>
        <line num="111" type="stmt" count="0"/>
        <line num="114" type="stmt" count="0"/>
        <line num="116" type="stmt" count="0"/>
        <line num="117" type="stmt" count="0"/>
        <line num="119" type="stmt" count="0"/>
        <line num="121" type="stmt" count="0"/>
        <line num="122" type="stmt" count="0"/>
        <line num="123" type="stmt" count="0"/>
        <line num="124" type="stmt" count="0"/>
        <line num="125" type="stmt" count="0"/>
        <line num="126" type="stmt" count="0"/>
        <line num="127" type="stmt" count="0"/>
        <line num="136" type="method" name="getRuleClassName" visibility="protected" complexity="1" crap="2" count="0"/>
        <line num="139" type="stmt" count="0"/>
        <metrics loc="142" ncloc="100" classes="1" methods="9" coveredmethods="5" conditionals="0" coveredconditionals="0" statements="40" coveredstatements="22" elements="49" coveredelements="27"/>
      </file>
    </package>
    <package name="Honed\Data\Exceptions">
      <file name="/home/runner/work/data/data/src/Exceptions/DataClassNotSetException.php">
        <class name="Honed\Data\Exceptions\DataClassNotSetException" namespace="Honed\Data\Exceptions">
          <metrics complexity="3" methods="2" coveredmethods="2" conditionals="0" coveredconditionals="0" statements="5" coveredstatements="5" elements="7" coveredelements="7"/>
        </class>
        <line num="16" type="method" name="__construct" visibility="public" complexity="2" crap="2" count="2"/>
        <line num="18" type="stmt" count="2"/>
        <line num="20" type="stmt" count="2"/>
        <line num="21" type="stmt" count="2"/>
        <line num="22" type="stmt" count="2"/>
        <line num="32" type="method" name="throw" visibility="public" complexity="1" crap="1" count="2"/>
        <line num="34" type="stmt" count="2"/>
        <metrics loc="37" ncloc="25" classes="1" methods="2" coveredmethods="2" conditionals="0" coveredconditionals="0" statements="5" coveredstatements="5" elements="7" coveredelements="7"/>
      </file>
      <file name="/home/runner/work/data/data/src/Exceptions/PartitionKeyNotSetException.php">
        <class name="Honed\Data\Exceptions\PartitionKeyNotSetException" namespace="Honed\Data\Exceptions">
          <metrics complexity="3" methods="2" coveredmethods="2" conditionals="0" coveredconditionals="0" statements="5" coveredstatements="5" elements="7" coveredelements="7"/>
        </class>
        <line num="16" type="method" name="__construct" visibility="public" complexity="2" crap="2" count="2"/>
        <line num="18" type="stmt" count="2"/>
        <line num="20" type="stmt" count="2"/>
        <line num="21" type="stmt" count="2"/>
        <line num="22" type="stmt" count="2"/>
        <line num="32" type="method" name="throw" visibility="public" complexity="1" crap="1" count="2"/>
        <line num="34" type="stmt" count="2"/>
        <metrics loc="37" ncloc="25" classes="1" methods="2" coveredmethods="2" conditionals="0" coveredconditionals="0" statements="5" coveredstatements="5" elements="7" coveredelements="7"/>
      </file>
    </package>
    <package name="Honed\Data\Normalizers">
      <file name="/home/runner/work/data/data/src/Normalizers/EnumNormalizer.php">
        <class name="Honed\Data\Normalizers\EnumNormalizer" namespace="Honed\Data\Normalizers">
          <metrics complexity="2" methods="1" coveredmethods="1" conditionals="0" coveredconditionals="0" statements="6" coveredstatements="6" elements="7" coveredelements="7"/>
        </class>
        <line num="18" type="method" name="normalize" visibility="public" complexity="2" crap="2" count="9"/>
        <line num="20" type="stmt" count="9"/>
        <line num="21" type="stmt" count="6"/>
        <line num="24" type="stmt" count="3"/>
        <line num="25" type="stmt" count="3"/>
        <line num="26" type="stmt" count="3"/>
        <line num="27" type="stmt" count="3"/>
        <metrics loc="30" ncloc="25" classes="1" methods="1" coveredmethods="1" conditionals="0" coveredconditionals="0" statements="6" coveredstatements="6" elements="7" coveredelements="7"/>
      </file>
    </package>
    <package name="Honed\Data\Rules">
      <file name="/home/runner/work/data/data/src/Rules/Authorized.php">
        <class name="Honed\Data\Rules\Authorized" namespace="Honed\Data\Rules">
          <metrics complexity="7" methods="4" coveredmethods="4" conditionals="0" coveredconditionals="0" statements="11" coveredstatements="11" elements="15" coveredelements="15"/>
        </class>
        <line num="17" type="method" name="__construct" visibility="public" complexity="1" crap="1" count="12"/>
        <line num="22" type="stmt" count="12"/>
        <line num="27" type="method" name="isValid" visibility="public" complexity="4" crap="4" count="12"/>
        <line num="29" type="stmt" count="12"/>
        <line num="30" type="stmt" count="2"/>
        <line num="33" type="stmt" count="10"/>
        <line num="34" type="stmt" count="7"/>
        <line num="35" type="stmt" count="3"/>
        <line num="37" type="stmt" count="10"/>
        <line num="38" type="stmt" count="1"/>
        <line num="41" type="stmt" count="9"/>
        <line num="47" type="method" name="shortname" visibility="protected" complexity="1" crap="1" count="3"/>
        <line num="49" type="stmt" count="3"/>
        <line num="55" type="method" name="getUser" visibility="protected" complexity="1" crap="1" count="12"/>
        <line num="58" type="stmt" count="12"/>
        <metrics loc="61" ncloc="48" classes="1" methods="4" coveredmethods="4" conditionals="0" coveredconditionals="0" statements="11" coveredstatements="11" elements="15" coveredelements="15"/>
      </file>
      <file name="/home/runner/work/data/data/src/Rules/BitcoinAddress.php">
        <class name="Honed\Data\Rules\BitcoinAddress" namespace="Honed\Data\Rules">
          <metrics complexity="2" methods="2" coveredmethods="2" conditionals="0" coveredconditionals="0" statements="2" coveredstatements="2" elements="4" coveredelements="4"/>
        </class>
        <line num="14" type="method" name="pattern" visibility="protected" complexity="1" crap="1" count="9"/>
        <line num="16" type="stmt" count="9"/>
        <line num="22" type="method" name="shortname" visibility="protected" complexity="1" crap="1" count="3"/>
        <line num="24" type="stmt" count="3"/>
        <metrics loc="27" ncloc="21" classes="1" methods="2" coveredmethods="2" conditionals="0" coveredconditionals="0" statements="2" coveredstatements="2" elements="4" coveredelements="4"/>
      </file>
      <file name="/home/runner/work/data/data/src/Rules/Country.php">
[...]
          <metrics complexity="2" methods="2" coveredmethods="2" conditionals="0" coveredconditionals="0" statements="2" coveredstatements="2" elements="4" coveredelements="4"/>
        </class>
        <line num="14" type="method" name="pattern" visibility="protected" complexity="1" crap="1" count="17"/>
        <line num="16" type="stmt" count="17"/>
        <line num="22" type="method" name="shortname" visibility="protected" complexity="1" crap="1" count="5"/>
        <line num="24" type="stmt" count="5"/>
        <metrics loc="27" ncloc="21" classes="1" methods="2" coveredmethods="2" conditionals="0" coveredconditionals="0" statements="2" coveredstatements="2" elements="4" coveredelements="4"/>
      </file>
      <file name="/home/runner/work/data/data/src/Rules/MaxWords.php">
        <class name="Honed\Data\Rules\MaxWords" namespace="Honed\Data\Rules">
          <metrics complexity="4" methods="3" coveredmethods="3" conditionals="0" coveredconditionals="0" statements="4" coveredstatements="4" elements="7" coveredelements="7"/>
        </class>
        <line num="11" type="method" name="__construct" visibility="public" complexity="1" crap="1" count="14"/>
        <line num="13" type="stmt" count="14"/>
        <line num="18" type="method" name="isValid" visibility="public" complexity="2" crap="2" count="13"/>
        <line num="20" type="stmt" count="13"/>
        <line num="22" type="stmt" count="13"/>
        <line num="28" type="method" name="shortname" visibility="protected" complexity="1" crap="1" count="2"/>
        <line num="30" type="stmt" count="2"/>
        <metrics loc="33" ncloc="27" classes="1" methods="3" coveredmethods="3" conditionals="0" coveredconditionals="0" statements="4" coveredstatements="4" elements="7" coveredelements="7"/>
      </file>
      <file name="/home/runner/work/data/data/src/Rules/Odd.php">
        <class name="Honed\Data\Rules\Odd" namespace="Honed\Data\Rules">
          <metrics complexity="4" methods="2" coveredmethods="2" conditionals="0" coveredconditionals="0" statements="3" coveredstatements="3" elements="5" coveredelements="5"/>
        </class>
        <line num="14" type="method" name="isValid" visibility="public" complexity="3" crap="3" count="27"/>
        <line num="16" type="stmt" count="27"/>
        <line num="18" type="stmt" count="27"/>
        <line num="24" type="method" name="shortname" visibility="protected" complexity="1" crap="1" count="9"/>
        <line num="26" type="stmt" count="9"/>
        <metrics loc="29" ncloc="23" classes="1" methods="2" coveredmethods="2" conditionals="0" coveredconditionals="0" statements="3" coveredstatements="3" elements="5" coveredelements="5"/>
      </file>
      <file name="/home/runner/work/data/data/src/Rules/Recaptcha.php">
        <class name="Honed\Data\Rules\Recaptcha" namespace="Honed\Data\Rules">
          <metrics complexity="9" methods="6" coveredmethods="6" conditionals="0" coveredconditionals="0" statements="15" coveredstatements="15" elements="21" coveredelements="21"/>
        </class>
        <line num="16" type="method" name="__construct" visibility="public" complexity="1" crap="1" count="3"/>
        <line num="18" type="stmt" count="3"/>
        <line num="23" type="method" name="isValid" visibility="public" complexity="4" crap="4" count="3"/>
        <line num="25" type="stmt" count="3"/>
        <line num="27" type="stmt" count="3"/>
        <line num="30" type="stmt" count="3"/>
        <line num="32" type="stmt" count="3"/>
        <line num="33" type="stmt" count="3"/>
        <line num="34" type="stmt" count="3"/>
        <line num="40" type="method" name="shortname" visibility="protected" complexity="1" crap="1" count="2"/>
        <line num="42" type="stmt" count="2"/>
        <line num="48" type="method" name="getHost" visibility="protected" complexity="1" crap="1" count="3"/>
        <line num="50" type="stmt" count="3"/>
        <line num="56" type="method" name="getSecret" visibility="protected" complexity="1" crap="1" count="3"/>
        <line num="58" type="stmt" count="3"/>
        <line num="66" type="method" name="getPayload" visibility="protected" complexity="1" crap="1" count="3"/>
        <line num="68" type="stmt" count="3"/>
        <line num="69" type="stmt" count="3"/>
        <line num="70" type="stmt" count="3"/>
        <line num="71" type="stmt" count="3"/>
        <line num="72" type="stmt" count="3"/>
        <metrics loc="75" ncloc="54" classes="1" methods="6" coveredmethods="6" conditionals="0" coveredconditionals="0" statements="15" coveredstatements="15" elements="21" coveredelements="21"/>
      </file>
      <file name="/home/runner/work/data/data/src/Rules/RecordsExist.php">
        <class name="Honed\Data\Rules\RecordsExist" namespace="Honed\Data\Rules">
          <metrics complexity="13" methods="5" coveredmethods="5" conditionals="0" coveredconditionals="0" statements="14" coveredstatements="14" elements="19" coveredelements="19"/>
        </class>
        <line num="21" type="method" name="__construct" visibility="public" complexity="1" crap="1" count="18"/>
        <line num="24" type="stmt" count="18"/>
        <line num="29" type="method" name="isValid" visibility="public" complexity="1" crap="1" count="18"/>
        <line num="31" type="stmt" count="18"/>
        <line num="39" type="method" name="resolveQuery" visibility="protected" complexity="5" crap="5" count="18"/>
        <line num="41" type="stmt" count="18"/>
        <line num="42" type="stmt" count="6"/>
        <line num="47" type="stmt" count="18"/>
        <line num="48" type="stmt" count="14"/>
        <line num="49" type="stmt" count="18"/>
        <line num="56" type="method" name="countRecords" visibility="protected" complexity="5" crap="5" count="18"/>
        <line num="58" type="stmt" count="18"/>
        <line num="59" type="stmt" count="18"/>
        <line num="60" type="stmt" count="18"/>
        <line num="61" type="stmt" count="10"/>
        <line num="62" type="stmt" count="18"/>
        <line num="63" type="stmt" count="18"/>
        <line num="69" type="method" name="shortname" visibility="protected" complexity="1" crap="1" count="1"/>
        <line num="71" type="stmt" count="1"/>
        <metrics loc="74" ncloc="52" classes="1" methods="5" coveredmethods="5" conditionals="0" coveredconditionals="0" statements="14" coveredstatements="14" elements="19" coveredelements="19"/>
      </file>
      <file name="/home/runner/work/data/data/src/Rules/Scalar.php">
        <class name="Honed\Data\Rules\Scalar" namespace="Honed\Data\Rules">
          <metrics complexity="5" methods="2" coveredmethods="2" conditionals="0" coveredconditionals="0" statements="7" coveredstatements="7" elements="9" coveredelements="9"/>
        </class>
        <line num="14" type="method" name="isValid" visibility="public" complexity="4" crap="4" count="24"/>
        <line num="16" type="stmt" count="24"/>
        <line num="17" type="stmt" count="14"/>
        <line num="18" type="stmt" count="14"/>
        <line num="19" type="stmt" count="5"/>
        <line num="23" type="stmt" count="9"/>
        <line num="26" type="stmt" count="10"/>
        <line num="32" type="method" name="shortname" visibility="protected" complexity="1" crap="1" count="5"/>
        <line num="34" type="stmt" count="5"/>
        <metrics loc="37" ncloc="31" classes="1" methods="2" coveredmethods="2" conditionals="0" coveredconditionals="0" statements="7" coveredstatements="7" elements="9" coveredelements="9"/>
      </file>
      <file name="/home/runner/work/data/data/src/Rules/UrlWithoutScheme.php">
        <class name="Honed\Data\Rules\UrlWithoutScheme" namespace="Honed\Data\Rules">
          <metrics complexity="4" methods="2" coveredmethods="2" conditionals="0" coveredconditionals="0" statements="5" coveredstatements="5" elements="7" coveredelements="7"/>
        </class>
        <line num="16" type="method" name="isValid" visibility="public" complexity="3" crap="3" count="45"/>
        <line num="18" type="stmt" count="45"/>
        <line num="20" type="stmt" count="45"/>
        <line num="21" type="stmt" count="11"/>
        <line num="24" type="stmt" count="45"/>
        <line num="30" type="method" name="shortname" visibility="protected" complexity="1" crap="1" count="4"/>
        <line num="32" type="stmt" count="4"/>
        <metrics loc="35" ncloc="29" classes="1" methods="2" coveredmethods="2" conditionals="0" coveredconditionals="0" statements="5" coveredstatements="5" elements="7" coveredelements="7"/>
      </file>
      <file name="/home/runner/work/data/data/src/Rules/Vimeo.php">
        <class name="Honed\Data\Rules\Vimeo" namespace="Honed\Data\Rules">
          <metrics complexity="2" methods="2" coveredmethods="2" conditionals="0" coveredconditionals="0" statements="2" coveredstatements="2" elements="4" coveredelements="4"/>
        </class>
        <line num="14" type="method" name="pattern" visibility="protected" complexity="1" crap="1" count="72"/>
        <line num="16" type="stmt" count="72"/>
        <line num="22" type="method" name="shortname" visibility="protected" complexity="1" crap="1" count="21"/>
        <line num="24" type="stmt" count="21"/>
        <metrics loc="27" ncloc="21" classes="1" methods="2" coveredmethods="2" conditionals="0" coveredconditionals="0" statements="2" coveredstatements="2" elements="4" coveredelements="4"/>
      </file>
      <file name="/home/runner/work/data/data/src/Rules/Whitespace.php">
        <class name="Honed\Data\Rules\Whitespace" namespace="Honed\Data\Rules">
          <metrics complexity="2" methods="2" coveredmethods="2" conditionals="0" coveredconditionals="0" statements="2" coveredstatements="2" elements="4" coveredelements="4"/>
        </class>
        <line num="14" type="method" name="pattern" visibility="protected" complexity="1" crap="1" count="12"/>
        <line num="16" type="stmt" count="12"/>
        <line num="22" type="method" name="shortname" visibility="protected" complexity="1" crap="1" count="2"/>
        <line num="24" type="stmt" count="2"/>
        <metrics loc="27" ncloc="21" classes="1" methods="2" coveredmethods="2" conditionals="0" coveredconditionals="0" statements="2" coveredstatements="2" elements="4" coveredelements="4"/>
      </file>
      <file name="/home/runner/work/data/data/src/Rules/Youtube.php">
        <class name="Honed\Data\Rules\Youtube" namespace="Honed\Data\Rules">
          <metrics complexity="2" methods="2" coveredmethods="2" conditionals="0" coveredconditionals="0" statements="2" coveredstatements="2" elements="4" coveredelements="4"/>
        </class>
        <line num="14" type="method" name="pattern" visibility="protected" complexity="1" crap="1" count="83"/>
        <line num="16" type="stmt" count="83"/>
        <line num="22" type="method" name="shortname" visibility="protected" complexity="1" crap="1" count="20"/>
        <line num="24" type="stmt" count="20"/>
        <metrics loc="27" ncloc="21" classes="1" methods="2" coveredmethods="2" conditionals="0" coveredconditionals="0" statements="2" coveredstatements="2" elements="4" coveredelements="4"/>
      </file>
    </package>
    <file name="/home/runner/work/data/data/src/Rules/RecordOwner.php">
      <metrics loc="1" ncloc="1" classes="0" methods="0" coveredmethods="0" conditionals="0" coveredconditionals="0" statements="0" coveredstatements="0" elements="0" coveredelements="0"/>
    </file>
    <file name="/home/runner/work/data/data/src/Rules/RecordsMissing.php">
      <metrics loc="1" ncloc="1" classes="0" methods="0" coveredmethods="0" conditionals="0" coveredconditionals="0" statements="0" coveredstatements="0" elements="0" coveredelements="0"/>
    </file>
    <package name="Honed\Data\Support">
      <file name="/home/runner/work/data/data/src/Support/AbstractRegexRule.php">
        <class name="Honed\Data\Support\AbstractRegexRule" namespace="Honed\Data\Support">
          <metrics complexity="0" methods="0" coveredmethods="0" conditionals="0" coveredconditionals="0" statements="0" coveredstatements="0" elements="0" coveredelements="0"/>
        </class>
        <metrics loc="14" ncloc="14" classes="0" methods="0" coveredmethods="0" conditionals="0" coveredconditionals="0" statements="0" coveredstatements="0" elements="0" coveredelements="0"/>
      </file>
      <file name="/home/runner/work/data/data/src/Support/AbstractRule.php">
        <class name="Honed\Data\Support\AbstractRule" namespace="Honed\Data\Support">
          <metrics complexity="0" methods="0" coveredmethods="0" conditionals="0" coveredconditionals="0" statements="0" coveredstatements="0" elements="0" coveredelements="0"/>
        </class>
        <metrics loc="14" ncloc="14" classes="0" methods="0" coveredmethods="0" conditionals="0" coveredconditionals="0" statements="0" coveredstatements="0" elements="0" coveredelements="0"/>
      </file>
      <file name="/home/runner/work/data/data/src/Support/HasRepository.php">
        <class name="Honed\Data\Support\HasRepository" namespace="Honed\Data\Support">
          <metrics complexity="1" methods="1" coveredmethods="1" conditionals="0" coveredconditionals="0" statements="1" coveredstatements="1" elements="2" coveredelements="2"/>
        </class>
        <line num="19" type="method" name="getRepository" visibility="public" complexity="1" crap="1" count="19"/>
        <line num="22" type="stmt" count="19"/>
        <metrics loc="25" ncloc="18" classes="1" methods="1" coveredmethods="1" conditionals="0" coveredconditionals="0" statements="1" coveredstatements="1" elements="2" coveredelements="2"/>
      </file>
      <file name="/home/runner/work/data/data/src/Support/HasSession.php">
        <class name="Honed\Data\Support\HasSession" namespace="Honed\Data\Support">
          <metrics complexity="1" methods="1" coveredmethods="1" conditionals="0" coveredconditionals="0" statements="1" coveredstatements="1" elements="2" coveredelements="2"/>
        </class>
        <line num="19" type="method" name="getSession" visibility="public" complexity="1" crap="1" count="9"/>
        <line num="22" type="stmt" count="9"/>
        <metrics loc="25" ncloc="18" classes="1" methods="1" coveredmethods="1" conditionals="0" coveredconditionals="0" statements="1" coveredstatements="1" elements="2" coveredelements="2"/>
      </file>
    </package>
    <package name="Honed\Data\Support\Transformation">
      <file name="/home/runner/work/data/data/src/Support/Transformation/FormTransformationContext.php">
        <class name="Honed\Data\Support\Transformation\FormTransformationContext" namespace="Honed\Data\Support\Transformation">
          <metrics complexity="1" methods="1" coveredmethods="1" conditionals="0" coveredconditionals="0" statements="3" coveredstatements="3" elements="4" coveredelements="4"/>
        </class>
        <line num="14" type="method" name="make" visibility="public" complexity="1" crap="1" count="8"/>
        <line num="17" type="stmt" count="8"/>
        <line num="19" type="stmt" count="8"/>
        <line num="21" type="stmt" count="8"/>
        <metrics loc="24" ncloc="20" classes="1" methods="1" coveredmethods="1" conditionals="0" coveredconditionals="0" statements="3" coveredstatements="3" elements="4" coveredelements="4"/>
      </file>
    </package>
    <package name="Honed\Data\Transformers">
      <file name="/home/runner/work/data/data/src/Transformers/FormTransformer.php">
        <class name="Honed\Data\Transformers\FormTransformer" namespace="Honed\Data\Transformers">
          <metrics complexity="2" methods="1" coveredmethods="1" conditionals="0" coveredconditionals="0" statements="3" coveredstatements="3" elements="4" coveredelements="4"/>
        </class>
        <line num="26" type="method" name="transform" visibility="public" complexity="2" crap="2" count="10"/>
        <line num="32" type="stmt" count="10"/>
        <line num="33" type="stmt" count="6"/>
        <line num="36" type="stmt" count="5"/>
        <metrics loc="39" ncloc="33" classes="1" methods="1" coveredmethods="1" conditionals="0" coveredconditionals="0" statements="3" coveredstatements="3" elements="4" coveredelements="4"/>
      </file>
      <file name="/home/runner/work/data/data/src/Transformers/Nullify.php">
        <class name="Honed\Data\Transformers\Nullify" namespace="Honed\Data\Transformers">
          <metrics complexity="4" methods="2" coveredmethods="2" conditionals="0" coveredconditionals="0" statements="5" coveredstatements="5" elements="7" coveredelements="7"/>
        </class>
        <line num="21" type="method" name="__construct" visibility="public" complexity="2" crap="2" count="1"/>
        <line num="24" type="stmt" count="1"/>
        <line num="26" type="stmt" count="1"/>
        <line num="32" type="method" name="toFormData" visibility="public" complexity="2" crap="2" count="4"/>
        <line num="38" type="stmt" count="4"/>
        <line num="39" type="stmt" count="2"/>
        <line num="42" type="stmt" count="2"/>
        <metrics loc="45" ncloc="36" classes="1" methods="2" coveredmethods="2" conditionals="0" coveredconditionals="0" statements="5" coveredstatements="5" elements="7" coveredelements="7"/>
      </file>
      <file name="/home/runner/work/data/data/src/Transformers/ToData.php">
        <class name="Honed\Data\Transformers\ToData" namespace="Honed\Data\Transformers">
          <metrics complexity="3" methods="2" coveredmethods="0" conditionals="0" coveredconditionals="0" statements="4" coveredstatements="0" elements="6" coveredelements="0"/>
        </class>
        <line num="18" type="method" name="__construct" visibility="public" complexity="1" crap="2" count="0"/>
        <line num="20" type="stmt" count="0"/>
        <line num="25" type="method" name="toFormData" visibility="public" complexity="2" crap="6" count="0"/>
        <line num="31" type="stmt" count="0"/>
        <line num="32" type="stmt" count="0"/>
        <line num="35" type="stmt" count="0"/>
        <metrics loc="38" ncloc="29" classes="1" methods="2" coveredmethods="0" conditionals="0" coveredconditionals="0" statements="4" coveredstatements="0" elements="6" coveredelements="0"/>
      </file>
      <file name="/home/runner/work/data/data/src/Transformers/ToDataFromModel.php">
        <class name="Honed\Data\Transformers\ToDataFromModel" namespace="Honed\Data\Transformers">
          <metrics complexity="5" methods="4" coveredmethods="3" conditionals="0" coveredconditionals="0" statements="9" coveredstatements="8" elements="13" coveredelements="11"/>
        </class>
        <line num="23" type="method" name="__construct" visibility="public" complexity="1" crap="1" count="3"/>
        <line num="28" type="stmt" count="3"/>
        <line num="33" type="method" name="toFormData" visibility="public" complexity="2" crap="2.06" count="2"/>
        <line num="39" type="stmt" count="2"/>
        <line num="41" type="stmt" count="2"/>
        <line num="42" type="stmt" count="2"/>
        <line num="45" type="stmt" count="0"/>
        <line num="53" type="method" name="resolveQuery" visibility="protected" complexity="1" crap="1" count="2"/>
        <line num="55" type="stmt" count="2"/>
        <line num="58" type="stmt" count="2"/>
        <line num="59" type="stmt" count="2"/>
        <line num="67" type="method" name="getModel" visibility="protected" complexity="1" crap="1" count="2"/>
        <line num="69" type="stmt" count="2"/>
        <metrics loc="72" ncloc="49" classes="1" methods="4" coveredmethods="3" conditionals="0" coveredconditionals="0" statements="9" coveredstatements="8" elements="13" coveredelements="11"/>
      </file>
    </package>
    <metrics files="116" loc="7603" ncloc="6726" classes="105" methods="188" coveredmethods="176" conditionals="0" coveredconditionals="0" statements="387" coveredstatements="359" elements="575" coveredelements="535"/>
  </project>
</coverage>
